<?xml version="1.0" encoding="UTF-8"?>
<testsuite name="ApplicationMainTest" tests="1" skipped="0" failures="0" errors="0" timestamp="2019-07-21T17:23:21" hostname="rezadmin" time="0.385">
  <properties/>
  <testcase name="testSomeLibraryMethod" classname="ApplicationMainTest" time="0.385"/>
  <system-out><![CDATA[]]></system-out>
  <system-err><![CDATA[]]></system-err>
</testsuite>
